<?xml version="1.0" encoding="UTF-8" ?>
<testsuite tests="5" failures="1" name="TestSuite" time="0.264" errors="0" skipped="1">
  <properties>
    <property name="java.runtime.name" value="Java(TM) SE Runtime Environment"/>
    <property name="sun.boot.library.path" value="C:\Program Files\Java\jdk1.8.0_45\jre\bin"/>
    <property name="java.vm.version" value="25.45-b02"/>
    <property name="java.vm.vendor" value="Oracle Corporation"/>
    <property name="java.vendor.url" value="http://java.oracle.com/"/>
    <property name="path.separator" value=";"/>
    <property name="guice.disable.misplaced.annotation.check" value="true"/>
    <property name="java.vm.name" value="Java HotSpot(TM) 64-Bit Server VM"/>
    <property name="file.encoding.pkg" value="sun.io"/>
    <property name="user.script" value=""/>
    <property name="user.country" value="US"/>
    <property name="sun.java.launcher" value="SUN_STANDARD"/>
    <property name="sun.os.patch.level" value=""/>
    <property name="java.vm.specification.name" value="Java Virtual Machine Specification"/>
    <property name="user.dir" value="D:\WorkSpace\Summer2015\csjobs"/>
    <property name="java.runtime.version" value="1.8.0_45-b15"/>
    <property name="java.awt.graphicsenv" value="sun.awt.Win32GraphicsEnvironment"/>
    <property name="java.endorsed.dirs" value="C:\Program Files\Java\jdk1.8.0_45\jre\lib\endorsed"/>
    <property name="os.arch" value="amd64"/>
    <property name="java.io.tmpdir" value="C:\Users\anisha\AppData\Local\Temp\"/>
    <property name="line.separator" value="
"/>
    <property name="java.vm.specification.vendor" value="Oracle Corporation"/>
    <property name="user.variant" value=""/>
    <property name="os.name" value="Windows 8.1"/>
    <property name="classworlds.conf" value="D:\WorkSpace\Summer2015\.metadata\.plugins\org.eclipse.m2e.launching\launches\m2conf7636337487745739686.tmp"/>
    <property name="sun.jnu.encoding" value="Cp1252"/>
    <property name="java.library.path" value="C:\Program Files\Java\jdk1.8.0_45\bin;C:\Windows\Sun\Java\bin;C:\Windows\system32;C:\Windows;C:/Program Files/Java/jdk1.8.0_45/bin/../jre/bin/server;C:/Program Files/Java/jdk1.8.0_45/bin/../jre/bin;C:/Program Files/Java/jdk1.8.0_45/bin/../jre/lib/amd64;C:\Program Files\Java\jdk1.8.0_45\bin;D:\PostgreSQL\9.4\bin;C:\Users\anisha\Downloads\eclipse-jee-luna-SR2-win32-x86_64\eclipse;;."/>
    <property name="java.specification.name" value="Java Platform API Specification"/>
    <property name="java.class.version" value="52.0"/>
    <property name="sun.management.compiler" value="HotSpot 64-Bit Tiered Compilers"/>
    <property name="os.version" value="6.3"/>
    <property name="user.home" value="C:\Users\anisha"/>
    <property name="user.timezone" value="America/Los_Angeles"/>
    <property name="java.awt.printerjob" value="sun.awt.windows.WPrinterJob"/>
    <property name="java.specification.version" value="1.8"/>
    <property name="file.encoding" value="Cp1252"/>
    <property name="user.name" value="anisha"/>
    <property name="java.class.path" value="/C:/Users/anisha/Downloads/eclipse-jee-luna-SR2-win32-x86_64/eclipse/plugins/org.eclipse.m2e.maven.runtime_1.5.1.20150109-1819/jars/plexus-classworlds-2.5.1.jar"/>
    <property name="org.slf4j.simpleLogger.defaultLogLevel" value="info"/>
    <property name="java.vm.specification.version" value="1.8"/>
    <property name="sun.arch.data.model" value="64"/>
    <property name="java.home" value="C:\Program Files\Java\jdk1.8.0_45\jre"/>
    <property name="sun.java.command" value="org.codehaus.plexus.classworlds.launcher.Launcher -B install"/>
    <property name="java.specification.vendor" value="Oracle Corporation"/>
    <property name="user.language" value="en"/>
    <property name="awt.toolkit" value="sun.awt.windows.WToolkit"/>
    <property name="java.vm.info" value="mixed mode"/>
    <property name="java.version" value="1.8.0_45"/>
    <property name="java.ext.dirs" value="C:\Program Files\Java\jdk1.8.0_45\jre\lib\ext;C:\Windows\Sun\Java\lib\ext"/>
    <property name="sun.boot.class.path" value="C:\Program Files\Java\jdk1.8.0_45\jre\lib\resources.jar;C:\Program Files\Java\jdk1.8.0_45\jre\lib\rt.jar;C:\Program Files\Java\jdk1.8.0_45\jre\lib\sunrsasign.jar;C:\Program Files\Java\jdk1.8.0_45\jre\lib\jsse.jar;C:\Program Files\Java\jdk1.8.0_45\jre\lib\jce.jar;C:\Program Files\Java\jdk1.8.0_45\jre\lib\charsets.jar;C:\Program Files\Java\jdk1.8.0_45\jre\lib\jfr.jar;C:\Program Files\Java\jdk1.8.0_45\jre\classes"/>
    <property name="java.vendor" value="Oracle Corporation"/>
    <property name="maven.home" value="D:\WorkSpace\Summer2015\csjobs\EMBEDDED"/>
    <property name="file.separator" value="\"/>
    <property name="java.vendor.url.bug" value="http://bugreport.sun.com/bugreport/"/>
    <property name="sun.cpu.endian" value="little"/>
    <property name="sun.io.unicode.encoding" value="UnicodeLittle"/>
    <property name="sun.desktop" value="windows"/>
    <property name="sun.cpu.isalist" value="amd64"/>
  </properties>
  <testcase classname="csjobs.model.dao.JobDaoTest" name="getJobs" time="0.187">
    <failure type="java.lang.AssertionError">java.lang.AssertionError
	at csjobs.model.dao.JobDaoTest.getJobs(JobDaoTest.java:26)
</failure>
    <system-out>Configuring TestNG with: org.apache.maven.surefire.testng.conf.TestNG652Configurator@7a46a697
</system-out>
    <system-err>Aug 20, 2015 12:14:12 PM org.springframework.test.context.support.DefaultTestContextBootstrapper getTestExecutionListeners
INFO: Using TestExecutionListeners: [org.springframework.test.context.web.ServletTestExecutionListener@65e2dbf3, org.springframework.test.context.support.DependencyInjectionTestExecutionListener@4f970963, org.springframework.test.context.support.DirtiesContextTestExecutionListener@61f8bee4, org.springframework.test.context.transaction.TransactionalTestExecutionListener@7b49cea0, org.springframework.test.context.jdbc.SqlScriptsTestExecutionListener@887af79]
Aug 20, 2015 12:14:12 PM org.springframework.test.context.support.DefaultTestContextBootstrapper getTestExecutionListeners
INFO: Using TestExecutionListeners: [org.springframework.test.context.web.ServletTestExecutionListener@43814d18, org.springframework.test.context.support.DependencyInjectionTestExecutionListener@5c5a1b69, org.springframework.test.context.support.DirtiesContextTestExecutionListener@3701eaf6, org.springframework.test.context.transaction.TransactionalTestExecutionListener@627551fb, org.springframework.test.context.jdbc.SqlScriptsTestExecutionListener@2b552920]
Aug 20, 2015 12:14:12 PM org.springframework.beans.factory.xml.XmlBeanDefinitionReader loadBeanDefinitions
INFO: Loading XML bean definitions from class path resource [applicationContext.xml]
Aug 20, 2015 12:14:13 PM org.springframework.context.support.GenericApplicationContext prepareRefresh
INFO: Refreshing org.springframework.context.support.GenericApplicationContext@491cc5c9: startup date [Thu Aug 20 12:14:13 PDT 2015]; root of context hierarchy
Aug 20, 2015 12:14:13 PM org.springframework.orm.jpa.LocalContainerEntityManagerFactoryBean createNativeEntityManagerFactory
INFO: Building JPA container EntityManagerFactory for persistence unit &apos;csjobs&apos;
Aug 20, 2015 12:14:13 PM org.hibernate.annotations.common.Version &lt;clinit&gt;
INFO: HCANN000001: Hibernate Commons Annotations {4.0.2.Final}
Aug 20, 2015 12:14:13 PM org.hibernate.Version logVersion
INFO: HHH000412: Hibernate Core {4.2.19.Final}
Aug 20, 2015 12:14:13 PM org.hibernate.cfg.Environment &lt;clinit&gt;
INFO: HHH000206: hibernate.properties not found
Aug 20, 2015 12:14:13 PM org.hibernate.cfg.Environment buildBytecodeProvider
INFO: HHH000021: Bytecode provider name : javassist
Aug 20, 2015 12:14:13 PM org.hibernate.ejb.Ejb3Configuration configure
INFO: HHH000204: Processing PersistenceUnitInfo [
	name: csjobs
	...]
Aug 20, 2015 12:14:13 PM org.hibernate.service.jdbc.connections.internal.ConnectionProviderInitiator instantiateExplicitConnectionProvider
INFO: HHH000130: Instantiating explicit connection provider: org.hibernate.ejb.connection.InjectedDataSourceConnectionProvider
Aug 20, 2015 12:14:14 PM org.hibernate.dialect.Dialect &lt;init&gt;
INFO: HHH000400: Using dialect: org.hibernate.dialect.PostgreSQLDialect
Aug 20, 2015 12:14:14 PM org.hibernate.engine.jdbc.internal.LobCreatorBuilder useContextualLobCreation
INFO: HHH000424: Disabling contextual LOB creation as createClob() method threw error : java.lang.reflect.InvocationTargetException
Aug 20, 2015 12:14:14 PM org.hibernate.engine.transaction.internal.TransactionFactoryInitiator initiateService
INFO: HHH000268: Transaction strategy: org.hibernate.engine.transaction.internal.jdbc.JdbcTransactionFactory
Aug 20, 2015 12:14:14 PM org.hibernate.hql.internal.ast.ASTQueryTranslatorFactory &lt;init&gt;
INFO: HHH000397: Using ASTQueryTranslatorFactory
Aug 20, 2015 12:14:14 PM org.springframework.test.context.transaction.TransactionContext startTransaction
INFO: Began transaction (1) for test context [DefaultTestContext@4fcc529 testClass = JobDaoTest, testInstance = csjobs.model.dao.JobDaoTest@1d29cf23, testMethod = getJobs@JobDaoTest, testException = [null], mergedContextConfiguration = [MergedContextConfiguration@25cc7470 testClass = JobDaoTest, locations = &apos;{classpath:applicationContext.xml}&apos;, classes = &apos;{}&apos;, contextInitializerClasses = &apos;[]&apos;, activeProfiles = &apos;{}&apos;, propertySourceLocations = &apos;{}&apos;, propertySourceProperties = &apos;{}&apos;, contextLoader = &apos;org.springframework.test.context.support.DelegatingSmartContextLoader&apos;, parent = [null]]]; transaction manager [org.springframework.orm.jpa.JpaTransactionManager@4beddc56]; rollback [true]
</system-err>
  </testcase>
  <testcase classname="csjobs.model.dao.UserDaoTest" name="getUserByEmail" time="0.031"/>
  <testcase classname="csjobs.model.dao.UserDaoTest" name="getUserById" time="0"/>
  <testcase classname="csjobs.model.dao.UserDaoTest" name="checkApplication" time="0.015"/>
  <testcase classname="csjobs.model.dao.JobDaoTest" name="countCommittees" time="0.031">
    <skipped/>
    <system-err>Aug 20, 2015 12:14:15 PM org.springframework.test.context.transaction.TransactionContext endTransaction
INFO: Rolled back transaction for test context [DefaultTestContext@47b2e9e1 testClass = UserDaoTest, testInstance = csjobs.model.dao.UserDaoTest@4e7dc304, testMethod = checkApplication@UserDaoTest, testException = [null], mergedContextConfiguration = [MergedContextConfiguration@59942b48 testClass = UserDaoTest, locations = &apos;{classpath:applicationContext.xml}&apos;, classes = &apos;{}&apos;, contextInitializerClasses = &apos;[]&apos;, activeProfiles = &apos;{}&apos;, propertySourceLocations = &apos;{}&apos;, propertySourceProperties = &apos;{}&apos;, contextLoader = &apos;org.springframework.test.context.support.DelegatingSmartContextLoader&apos;, parent = [null]]].
</system-err>
  </testcase>
</testsuite>