<?xml version="1.0" encoding="UTF-8"?>
<!-- Generated by org.testng.reporters.JUnitReportReporter -->
<testsuite hostname="Anisha-PC" name="springmvc.model.dao.UserDaoTest" tests="2" failures="0" timestamp="13 Jul 2015 23:09:31 GMT" time="0.253" errors="0">
  <testcase name="getUsers" time="0.207" classname="springmvc.model.dao.UserDaoTest"/>
  <testcase name="getUser" time="0.046" classname="springmvc.model.dao.UserDaoTest"/>
</testsuite> <!-- springmvc.model.dao.UserDaoTest -->
