<?xml version="1.0" encoding="UTF-8"?>
<!-- Generated by org.testng.reporters.JUnitReportReporter -->
<testsuite hostname="Anisha-PC" name="springmvc.model.dao.ApplicationsDaoTest" tests="1" failures="0" timestamp="17 Jul 2015 05:26:03 GMT" time="0.260" errors="0">
  <testcase name="getApplicant" time="0.260" classname="springmvc.model.dao.ApplicationsDaoTest"/>
</testsuite> <!-- springmvc.model.dao.ApplicationsDaoTest -->
