<?xml version="1.0" encoding="UTF-8"?>
<!-- Generated by org.testng.reporters.JUnitReportReporter -->
<testsuite hostname="Anisha-PC" name="springmvc.model.dao.jobPositionTest" tests="1" failures="0" timestamp="17 Jul 2015 05:27:06 GMT" time="0.000" errors="0">
  <testcase name="getjobPosition" time="0.000" classname="springmvc.model.dao.jobPositionTest"/>
</testsuite> <!-- springmvc.model.dao.jobPositionTest -->
