<?xml version="1.0" encoding="UTF-8"?>
<!-- Generated by org.testng.reporters.JUnitReportReporter -->
<testsuite hostname="Anisha-PC" name="csjobs.model.dao.UserDaoTest" tests="3" failures="0" timestamp="20 Aug 2015 19:14:15 GMT" time="0.062" errors="0">
  <testcase name="getUserById" time="0.000" classname="csjobs.model.dao.UserDaoTest"/>
  <testcase name="getUserByEmail" time="0.047" classname="csjobs.model.dao.UserDaoTest"/>
  <testcase name="checkApplication" time="0.015" classname="csjobs.model.dao.UserDaoTest"/>
</testsuite> <!-- csjobs.model.dao.UserDaoTest -->
